Arguments: 
  E:\vue\node\node.exe E:\vue\node\node_global\node_modules\yarn\bin\yarn.js install

PATH: 
  C:\Program Files (x86)\Common Files\Oracle\Java\javapath;C:\ProgramData\Oracle\Java\javapath;C:\Program Files (x86)\Intel\iCLS Client\;C:\Program Files\Intel\iCLS Client\;C:\Program Files (x86)\NVIDIA Corporation\PhysX\Common;C:\Program Files\Broadcom\Broadcom 802.11 Network Adapter\Driver;C:\Windows\system32;C:\Windows;C:\Windows\System32\Wbem;C:\Windows\System32\WindowsPowerShell\v1.0\;C:\Program Files\Lenovo\Bluetooth Software\;C:\Program Files\Lenovo\Bluetooth Software\syswow64;C:\Program Files\Intel\Intel(R) Management Engine Components\DAL;C:\Program Files\Intel\Intel(R) Management Engine Components\IPT;C:\Program Files (x86)\Intel\Intel(R) Management Engine Components\DAL;C:\Program Files (x86)\Intel\Intel(R) Management Engine Components\IPT;E:\vue\node\;C:\Program Files\Git\cmd;C:\Program Files\Microsoft VS Code\bin;D:\JavaJDK\bin;D:\JavaJDK\jre\bin;D:\AndroidSDK\android_sdk_r24.4.1\android-sdk-windows\platform-tools;D:\AndroidSDK\android_sdk_r24.4.1\android-sdk-windows\tools;D:\Gradle\gradle-4.10.2\bin;E:\vue\node\node_global\;C:\Program Files\Microsoft VS Code\bin

Yarn version: 
  1.9.4

Node version: 
  8.11.1

Platform: 
  win32 x64

Trace: 
  Error: http://registry.npm.taobao.org/@ant-design/icons/download/@ant-design/icons-1.1.16.tgz: unexpected end of file
      at Gunzip.zlibOnError (zlib.js:153:15)

npm manifest: 
  {
    "private": true,
    "name": "antd-admin",
    "version": "5.0.0-beta",
    "dependencies": {
      "@babel/polyfill": "^7.0.0",
      "antd": "^3.9.0",
      "axios": "^0.18.0",
      "classnames": "^2.2.6",
      "d3-shape": "^1.2.2",
      "draftjs-to-html": "^0.8.4",
      "draftjs-to-markdown": "^0.5.1",
      "dva-model-extend": "^0.1.2",
      "echarts": "^4.1.0",
      "echarts-for-react": "^2.0.14",
      "echarts-gl": "^1.1.1",
      "echarts-liquidfill": "^2.0.2",
      "highcharts-exporting": "^0.1.7",
      "highcharts-more": "^0.1.7",
      "jsonp": "^0.2.1",
      "lodash.clonedeep": "^4.5.0",
      "lodash.isequal": "^4.5.0",
      "nprogress": "^0.2.0",
      "path-to-regexp": "^2.4.0",
      "prop-types": "^15.6.2",
      "qs": "^6.5.2",
      "query-string": "^6.1.0",
      "rc-tween-one": "^2.2.3",
      "react-adsense": "^0.0.6",
      "react-countup": "^4.0.0-alpha.6",
      "react-draft-wysiwyg": "^1.12.13",
      "react-helmet": "^5.2.0",
      "react-highcharts": "^16.0.2",
      "recharts": "^1.1.0"
    },
    "devDependencies": {
      "babel-plugin-dev-expression": "^0.2.1",
      "babel-plugin-module-resolver": "^3.1.1",
      "cross-env": "^5.2.0",
      "eslint": "^5.5.0",
      "eslint-config-umi": "^0.1.5",
      "eslint-plugin-flowtype": "^2.50.0",
      "eslint-plugin-import": "^2.14.0",
      "eslint-plugin-jsx-a11y": "^6.1.1",
      "eslint-plugin-react": "^7.11.1",
      "js-beautify": "^1.8.1",
      "less-vars-to-js": "^1.3.0",
      "mockjs": "^1.0.1-beta3",
      "svg-sprite-loader": "^3.9.2",
      "umi": "^2.0.0",
      "umi-plugin-react": "^1.0.0"
    },
    "pre-commit": [
      "lint"
    ],
    "scripts": {
      "analyze": "cross-env ANALYZE=1 umi build",
      "start": "umi dev",
      "lint": "eslint --fix --ext .js src",
      "build": "umi build",
      "test": "umi test"
    }
  }

yarn manifest: 
  No manifest

Lockfile: 
  No lockfile
